<?xml version="1.0" encoding="UTF-8"?>
<testng-results ignored="0" total="2" passed="2" failed="0" skipped="0">
  <reporter-output>
  </reporter-output>
  <suite started-at="2023-09-21T17:21:53 IST" name="Default suite" finished-at="2023-09-21T17:22:11 IST" duration-ms="18197">
    <groups>
    </groups>
    <test started-at="2023-09-21T17:21:53 IST" name="Default test" finished-at="2023-09-21T17:22:11 IST" duration-ms="18197">
      <class name="com.selenide.SelenideClass">
        <test-method signature="getAnother()[pri:0, instance:com.selenide.SelenideClass@793f29ff]" started-at="2023-09-21T17:21:53 IST" name="getAnother" finished-at="2023-09-21T17:21:53 IST" duration-ms="21" status="PASS">
          <reporter-output>
          </reporter-output>
        </test-method> <!-- getAnother -->
        <test-method signature="getLaunch()[pri:0, instance:com.selenide.SelenideClass@793f29ff]" started-at="2023-09-21T17:21:53 IST" name="getLaunch" finished-at="2023-09-21T17:22:11 IST" duration-ms="18015" status="PASS">
          <reporter-output>
          </reporter-output>
        </test-method> <!-- getLaunch -->
      </class> <!-- com.selenide.SelenideClass -->
    </test> <!-- Default test -->
  </suite> <!-- Default suite -->
</testng-results>
